<?xml version="1.0" encoding="UTF-8"?>
<!-- Generated by org.testng.reporters.JUnitReportReporter -->
<testsuite hostname="LAPTOP-KBFLVL2M" failures="0" tests="1" name="testScript.open" time="44.725" errors="0" timestamp="2023-11-16T10:04:48 IST" skipped="0">
  <testcase classname="testScript.open" name="test" time="44.725"/>
  <system-out/>
</testsuite> <!-- testScript.open -->
